<?xml version="1.0" encoding="UTF-8"?>
<!-- Generated by org.testng.reporters.JUnitReportReporter -->
<testsuite hostname="DINESH_SATHYA" name="testcase.redifftestcase" tests="1" failures="0" timestamp="15 Aug 2020 19:00:35 GMT" time="32.853" errors="0">
  <testcase name="home" time="32.853" classname="testcase.redifftestcase"/>
</testsuite> <!-- testcase.redifftestcase -->
